<?xml version="1.0" encoding="UTF-8"?>
<!-- Generated by org.testng.reporters.JUnitReportReporter -->
<testsuite hostname="DESKTOP-0BC3S1D" failures="0" tests="1" name="String_Java_Pragrams.Occurance_In_Sorted_Order" time="0.038" errors="0" timestamp="10 Jan 2025 11:41:52 GMT" skipped="0">
  <testcase classname="String_Java_Pragrams.Occurance_In_Sorted_Order" name="test" time="0.038"/>
</testsuite> <!-- String_Java_Pragrams.Occurance_In_Sorted_Order -->
