<?xml version="1.0" encoding="UTF-8"?>
<!-- Generated by org.testng.reporters.JUnitReportReporter -->
<testsuite hostname="DESKTOP-0BC3S1D" failures="0" tests="1" name="String_Java_Pragrams.Reverse_Each_Words_InString" time="0.026" errors="0" timestamp="10 Jan 2025 01:18:31 GMT" skipped="0">
  <testcase classname="String_Java_Pragrams.Reverse_Each_Words_InString" name="REverseEachWord" time="0.026"/>
</testsuite> <!-- String_Java_Pragrams.Reverse_Each_Words_InString -->
