<?xml version="1.0" encoding="UTF-8"?>
<!-- Generated by org.testng.reporters.JUnitReportReporter -->
<testsuite hostname="DESKTOP-0BC3S1D" failures="0" tests="1" name="Array_Java_Pragrams.Right_Shift_Rotation" time="0.002" errors="0" timestamp="06 Dec 2024 09:19:13 GMT" skipped="0">
  <testcase classname="Array_Java_Pragrams.Right_Shift_Rotation" name="Right_Shift_Rotation" time="0.002"/>
</testsuite> <!-- Array_Java_Pragrams.Right_Shift_Rotation -->
