<?xml version="1.0" encoding="UTF-8"?>
<!-- Generated by org.testng.reporters.JUnitReportReporter -->
<testsuite hostname="DESKTOP-0BC3S1D" failures="0" tests="1" name="pattern_Programs.FetchDataFrmTable" time="78.638" errors="0" timestamp="15 Jan 2025 12:25:23 GMT" skipped="0">
  <testcase classname="pattern_Programs.FetchDataFrmTable" name="Sample" time="78.638"/>
</testsuite> <!-- pattern_Programs.FetchDataFrmTable -->
