<?xml version="1.0" encoding="UTF-8"?>
<!-- Generated by org.testng.reporters.JUnitReportReporter -->
<testsuite hostname="DESKTOP-0BC3S1D" failures="0" tests="1" name="String_Java_Pragrams.Alternative_Words_Reverse" time="0.041" errors="0" timestamp="15 Jan 2025 04:54:22 GMT" skipped="0">
  <testcase classname="String_Java_Pragrams.Alternative_Words_Reverse" name="Reverse_Alternative_Words" time="0.041"/>
</testsuite> <!-- String_Java_Pragrams.Alternative_Words_Reverse -->
