<?xml version="1.0" encoding="UTF-8"?>
<!-- Generated by org.testng.reporters.JUnitReportReporter -->
<testsuite hostname="DESKTOP-0BC3S1D" failures="0" tests="1" name="Array_Java_Pragrams.SumOFElem_EqualTo_Spefic_Num" time="0.034" errors="0" timestamp="06 Dec 2024 09:18:35 GMT" skipped="0">
  <testcase classname="Array_Java_Pragrams.SumOFElem_EqualTo_Spefic_Num" name="Sum_OF_Elem_EqualTo_Spefic_Num" time="0.034"/>
</testsuite> <!-- Array_Java_Pragrams.SumOFElem_EqualTo_Spefic_Num -->
