<?xml version="1.0" encoding="UTF-8"?>
<!-- Generated by org.testng.reporters.JUnitReportReporter -->
<testsuite hostname="DESKTOP-0BC3S1D" failures="0" tests="1" name="String_Java_Pragrams.Polindrome_In_Sentence_String" time="0.303" errors="0" timestamp="22 Jan 2025 07:48:36 GMT" skipped="0">
  <testcase classname="String_Java_Pragrams.Polindrome_In_Sentence_String" name="Polindrome_In_Sentence" time="0.303"/>
</testsuite> <!-- String_Java_Pragrams.Polindrome_In_Sentence_String -->
