<?xml version="1.0" encoding="UTF-8"?>
<!-- Generated by org.testng.reporters.JUnitReportReporter -->
<testsuite hostname="DESKTOP-0BC3S1D" failures="0" tests="1" name="Othe_Mix_Prog.Denomination" time="0.023" errors="0" timestamp="22 Jan 2025 10:18:00 GMT" skipped="0">
  <testcase classname="Othe_Mix_Prog.Denomination" name="denomination" time="0.023"/>
</testsuite> <!-- Othe_Mix_Prog.Denomination -->
