<?xml version="1.0" encoding="UTF-8"?>
<!-- Generated by org.testng.reporters.JUnitReportReporter -->
<testsuite hostname="DESKTOP-0BC3S1D" failures="0" tests="1" name="String_Java_Pragrams.OccuranceOf_Words_using_String_InHashMap" time="0.028" errors="0" timestamp="16 Jan 2025 05:47:08 GMT" skipped="0">
  <testcase classname="String_Java_Pragrams.OccuranceOf_Words_using_String_InHashMap" name="OccuranceOfString" time="0.028"/>
</testsuite> <!-- String_Java_Pragrams.OccuranceOf_Words_using_String_InHashMap -->
