<?xml version="1.0" encoding="UTF-8"?>
<!-- Generated by org.testng.reporters.JUnitReportReporter -->
<testsuite hostname="DESKTOP-0BC3S1D" failures="0" tests="1" name="String_Java_Pragrams.OccuranceIn_SortedOrder_String" time="0.083" errors="0" timestamp="22 Jan 2025 09:51:21 GMT" skipped="0">
  <testcase classname="String_Java_Pragrams.OccuranceIn_SortedOrder_String" name="test" time="0.083"/>
</testsuite> <!-- String_Java_Pragrams.OccuranceIn_SortedOrder_String -->
