<?xml version="1.0" encoding="UTF-8"?>
<!-- Generated by org.testng.reporters.JUnitReportReporter -->
<testsuite hostname="DESKTOP-0BC3S1D" failures="0" tests="1" name="Array_Java_Pragrams.Max_Or_Highest_Element_Array" time="0.035" errors="0" timestamp="06 Dec 2024 07:49:56 GMT" skipped="0">
  <testcase classname="Array_Java_Pragrams.Max_Or_Highest_Element_Array" name="Third_Max_Elem_Arrays" time="0.035"/>
</testsuite> <!-- Array_Java_Pragrams.Max_Or_Highest_Element_Array -->
