<?xml version="1.0" encoding="UTF-8"?>
<!-- Generated by org.testng.reporters.JUnitReportReporter -->
<testsuite hostname="DESKTOP-0BC3S1D" failures="0" tests="1" name="pattern_Programs.Left_Triangle_Number" time="0.031" errors="0" timestamp="06 Dec 2024 10:41:14 GMT" skipped="0">
  <testcase classname="pattern_Programs.Left_Triangle_Number" name="Left" time="0.031"/>
</testsuite> <!-- pattern_Programs.Left_Triangle_Number -->
