<?xml version="1.0" encoding="UTF-8"?>
<!-- Generated by org.testng.reporters.JUnitReportReporter -->
<testsuite hostname="DESKTOP-0BC3S1D" failures="0" tests="1" name="String_Java_Pragrams.CompareTwoOccrance_InString" time="0.032" errors="0" timestamp="03 Feb 2025 07:38:32 GMT" skipped="0">
  <testcase classname="String_Java_Pragrams.CompareTwoOccrance_InString" name="CompareTwoOccrance_Print_Highest_Char" time="0.032"/>
</testsuite> <!-- String_Java_Pragrams.CompareTwoOccrance_InString -->
