<?xml version="1.0" encoding="UTF-8"?>
<!-- Generated by org.testng.reporters.JUnitReportReporter -->
<testsuite hostname="DESKTOP-0BC3S1D" failures="0" tests="1" name="Array_Java_Pragrams.sumOfTwoArrays" time="0.026" errors="0" timestamp="06 Dec 2024 07:17:04 GMT" skipped="0">
  <testcase classname="Array_Java_Pragrams.sumOfTwoArrays" name="sum2" time="0.026"/>
</testsuite> <!-- Array_Java_Pragrams.sumOfTwoArrays -->
