<?xml version="1.0" encoding="UTF-8"?>
<!-- Generated by org.testng.reporters.JUnitReportReporter -->
<testsuite hostname="DESKTOP-0BC3S1D" failures="0" tests="1" name="String_Java_Pragrams.Compare_Two_List" time="0.023" errors="0" timestamp="22 Jan 2025 10:24:55 GMT" skipped="0">
  <testcase classname="String_Java_Pragrams.Compare_Two_List" name="commonElement" time="0.023"/>
</testsuite> <!-- String_Java_Pragrams.Compare_Two_List -->
