<?xml version="1.0" encoding="UTF-8"?>
<!-- Generated by org.testng.reporters.JUnitReportReporter -->
<testsuite hostname="DESKTOP-0BC3S1D" failures="0" tests="1" name="String_Java_Pragrams.Extract_Number" time="0.021" errors="0" timestamp="09 Jan 2025 05:28:57 GMT" skipped="0">
  <testcase classname="String_Java_Pragrams.Extract_Number" name="extractNum" time="0.021"/>
</testsuite> <!-- String_Java_Pragrams.Extract_Number -->
