<?xml version="1.0" encoding="UTF-8"?>
<!-- Generated by org.testng.reporters.JUnitReportReporter -->
<testsuite hostname="DESKTOP-0BC3S1D" failures="0" tests="1" name="ArrayTest.C_SumOfArray" time="0.027" errors="0" timestamp="06 Dec 2024 07:10:09 GMT" skipped="0">
  <testcase classname="ArrayTest.C_SumOfArray" name="sum2" time="0.027"/>
</testsuite> <!-- ArrayTest.C_SumOfArray -->
