<?xml version="1.0" encoding="UTF-8"?>
<!-- Generated by org.testng.reporters.JUnitReportReporter -->
<testsuite hostname="DESKTOP-0BC3S1D" failures="0" tests="1" name="Array_Java_Pragrams.Min_Smallest_Elem_Arrays" time="0.027" errors="0" timestamp="06 Dec 2024 07:57:01 GMT" skipped="0">
  <testcase classname="Array_Java_Pragrams.Min_Smallest_Elem_Arrays" name="Third_Smallest_Elem_Arrays" time="0.027"/>
</testsuite> <!-- Array_Java_Pragrams.Min_Smallest_Elem_Arrays -->
